<?xml version="1.0" encoding="UTF-8"?>
<!-- Generated by org.testng.reporters.JUnitReportReporter -->
<testsuite hostname="DESKTOP-DBFC2AB" failures="0" tests="1" name="TestScript.WordPress_Setup" time="585.516" errors="0" timestamp="2024-06-01T14:00:00 IST" skipped="0">
  <testcase classname="TestScript.WordPress_Setup" name="WordPress_Woo_Setup" time="585.516"/>
</testsuite> <!-- TestScript.WordPress_Setup -->
